<?xml version="1.0" encoding="UTF-8"?>
<!-- Generated by org.testng.reporters.JUnitReportReporter -->
<testsuite hostname="User-PC" name="com.pack.TestCases.LogibTestCase1" tests="1" failures="0" timestamp="29 Sep 2019 13:54:34 GMT" time="18.196" errors="0">
  <testcase name="LoginCase_1" time="18.196" classname="com.pack.TestCases.LogibTestCase1"/>
</testsuite> <!-- com.pack.TestCases.LogibTestCase1 -->
